


ARM Macro Assembler    Page 1 


    1 00000000         #line   1                "RTE\\Device\\MDR1986BE3T\\star
tup_MDR1986VE3.S"
    1 00000000         ;
    2 00000000         
    3 00000000         
    4 00000000         
    5 00000000         
    6 00000000         ;
    7 00000000         ;
    8 00000000         ;
    9 00000000         
   10 00000000 00001000 
                       Stack_Size
                               EQU              0x00001000
   11 00000000         
   12 00000000                 AREA             STACK, NOINIT, READWRITE, ALIGN
=3
   13 00000000         Stack_Mem
                               SPACE            Stack_Size
   14 00001000         __initial_sp
   15 00001000         
   16 00001000         
   17 00001000         ;
   18 00001000         ;
   19 00001000         ;
   20 00001000         
   21 00001000 00001000 
                       Heap_Size
                               EQU              0x00001000
   22 00001000         
   23 00001000                 AREA             HEAP, NOINIT, READWRITE, ALIGN=
3
   24 00000000         __heap_base
   25 00000000         Heap_Mem
                               SPACE            Heap_Size
   26 00001000         __heap_limit
   27 00001000         
   28 00001000                 PRESERVE8
   29 00001000                 THUMB
   30 00001000         
   31 00001000         ; Vector Table Mapped to Address 0 at Reset
   32 00001000         
   33 00001000                 AREA             RESET, DATA, READONLY
   34 00000000                 EXPORT           __Vectors
   35 00000000         
   36 00000000 00000000 
                       __Vectors
                               DCD              __initial_sp ; Top of Stack
   37 00000004 00000000        DCD              Reset_Handler ; Reset Handler
   38 00000008 00000000        DCD              NMI_Handler ; NMI Handler
   39 0000000C 00000000        DCD              HardFault_Handler ; Hard Fault 
                                                            Handler
   40 00000010 00000000        DCD              0           ; Reserved
   41 00000014 00000000        DCD              0           ; Reserved
   42 00000018 00000000        DCD              0           ; Reserved
   43 0000001C 00000000        DCD              0           ; Reserved
   44 00000020 00000000        DCD              0           ; Reserved
   45 00000024 00000000        DCD              0           ; Reserved
   46 00000028 00000000        DCD              0           ; Reserved



ARM Macro Assembler    Page 2 


   47 0000002C 00000000        DCD              SVC_Handler ; SVCall Handler
   48 00000030 00000000        DCD              0           ; Reserved
   49 00000034 00000000        DCD              0           ; Reserved
   50 00000038 00000000        DCD              PendSV_Handler ; PendSV Handler
                                                            
   51 0000003C 00000000        DCD              SysTick_Handler 
                                                            ; SysTick Handler
   52 00000040         
   53 00000040         ; External Interrupts
   54 00000040         
   55 00000040 00000000        DCD              MIL_STD_1553B2_IRQHandler ;IRQ0
                                                            
   56 00000044 00000000        DCD              MIL_STD_1553B1_IRQHandler ;IRQ1
                                                            
   57 00000048 00000000        DCD              USB_IRQHandler ;IRQ2
   58 0000004C 00000000        DCD              CAN1_IRQHandler ;IRQ3
   59 00000050 00000000        DCD              CAN2_IRQHandler ;IRQ4
   60 00000054 00000000        DCD              DMA_IRQHandler ;IRQ5
   61 00000058 00000000        DCD              UART1_IRQHandler ;IRQ6
   62 0000005C 00000000        DCD              UART2_IRQHandler ;IRQ7
   63 00000060 00000000        DCD              SSP1_IRQHandler ;IRQ8
   64 00000064 00000000        DCD              BUSY_IRQHandler ;IRQ9
   65 00000068 00000000        DCD              ARINC429R_IRQHandler ;IRQ10
   66 0000006C 00000000        DCD              POWER_IRQHandler ;IRQ11
   67 00000070 00000000        DCD              WWDG_IRQHandler ;IRQ12
   68 00000074 00000000        DCD              Timer4_IRQHandler ;IRQ13
   69 00000078 00000000        DCD              Timer1_IRQHandler ;IRQ14
   70 0000007C 00000000        DCD              Timer2_IRQHandler ;IRQ15
   71 00000080 00000000        DCD              Timer3_IRQHandler ;IRQ16
   72 00000084 00000000        DCD              ADC_IRQHandler ;IRQ17
   73 00000088 00000000        DCD              ETHERNET_IRQHandler ;IRQ18
   74 0000008C 00000000        DCD              SSP3_IRQHandler ;IRQ19
   75 00000090 00000000        DCD              SSP2_IRQHandler ;IRQ20
   76 00000094 00000000        DCD              ARINC429T_IRQHandler ;IRQ21
   77 00000098 00000000        DCD              KEYPAD_IRQHandler ;IRQ22
   78 0000009C 00000000        DCD              LED_IRQHandler ;IRQ23
   79 000000A0 00000000        DCD              UART3_UART4_IRQHandler ;IRQ24
   80 000000A4 00000000        DCD              AudioCodec_IRQHandler ;IRQ25
   81 000000A8 00000000        DCD              ETHERNET2_IRQHandler ;IRQ26
   82 000000AC 00000000        DCD              BKP_IRQHandler ;IRQ27
   83 000000B0 00000000        DCD              EXT_INT1_IRQHandler ;IRQ28
   84 000000B4 00000000        DCD              EXT_INT2_IRQHandler ;IRQ29
   85 000000B8 00000000        DCD              EXT_INT3_IRQHandler ;IRQ30
   86 000000BC 00000000        DCD              EXT_INT4_IRQHandler ;IRQ31
   87 000000C0         
   88 000000C0                 AREA             |.text|, CODE, READONLY
   89 00000000         
   90 00000000         
   91 00000000         ; Reset Handler
   92 00000000         
   93 00000000         Reset_Handler
                               PROC
   94 00000000                 EXPORT           Reset_Handler               [WE
AK]
   95 00000000                 IMPORT           SystemInit
   96 00000000                 IMPORT           __main
   97 00000000 4817            LDR              R0, =SystemInit
   98 00000002 4780            BLX              R0
   99 00000004 4817            LDR              R0,=__main



ARM Macro Assembler    Page 3 


  100 00000006 4700            BX               R0
  101 00000008                 ENDP
  102 00000008         
  103 00000008         
  104 00000008         ; Dummy Exception Handlers (infinite loops which can be 
                       modified)
  105 00000008         
  106 00000008         NMI_Handler
                               PROC
  107 00000008                 EXPORT           NMI_Handler                 [WE
AK]
  108 00000008 E7FE            B                .
  109 0000000A                 ENDP
  110 0000000A         
  111 0000000A         HardFault_Handler
                               PROC
  112 0000000A                 EXPORT           HardFault_Handler           [WE
AK]
  113 0000000A E7FE            B                .
  114 0000000C                 ENDP
  115 0000000C         
  116 0000000C         SVC_Handler
                               PROC
  117 0000000C                 EXPORT           SVC_Handler                 [WE
AK]
  118 0000000C E7FE            B                .
  119 0000000E                 ENDP
  120 0000000E         
  121 0000000E         PendSV_Handler
                               PROC
  122 0000000E                 EXPORT           PendSV_Handler              [WE
AK]
  123 0000000E E7FE            B                .
  124 00000010                 ENDP
  125 00000010         
  126 00000010         SysTick_Handler
                               PROC
  127 00000010                 EXPORT           SysTick_Handler             [WE
AK]
  128 00000010 E7FE            B                .
  129 00000012                 ENDP
  130 00000012         
  131 00000012         ; External Interrupts
  132 00000012         
  133 00000012         MIL_STD_1553B2_IRQHandler
                               PROC
  134 00000012                 EXPORT           MIL_STD_1553B2_IRQHandler   [WE
AK]
  135 00000012 E7FE            B                .
  136 00000014                 ENDP
  137 00000014         
  138 00000014         MIL_STD_1553B1_IRQHandler
                               PROC
  139 00000014                 EXPORT           MIL_STD_1553B1_IRQHandler   [WE
AK]
  140 00000014 E7FE            B                .
  141 00000016                 ENDP
  142 00000016         
  143 00000016         USB_IRQHandler



ARM Macro Assembler    Page 4 


                               PROC
  144 00000016                 EXPORT           USB_IRQHandler              [WE
AK]
  145 00000016 E7FE            B                .
  146 00000018                 ENDP
  147 00000018         
  148 00000018         CAN1_IRQHandler
                               PROC
  149 00000018                 EXPORT           CAN1_IRQHandler             [WE
AK]
  150 00000018 E7FE            B                .
  151 0000001A                 ENDP
  152 0000001A         
  153 0000001A         CAN2_IRQHandler
                               PROC
  154 0000001A                 EXPORT           CAN2_IRQHandler             [WE
AK]
  155 0000001A E7FE            B                .
  156 0000001C                 ENDP
  157 0000001C         
  158 0000001C         DMA_IRQHandler
                               PROC
  159 0000001C                 EXPORT           DMA_IRQHandler              [WE
AK]
  160 0000001C E7FE            B                .
  161 0000001E                 ENDP
  162 0000001E         
  163 0000001E         UART1_IRQHandler
                               PROC
  164 0000001E                 EXPORT           UART1_IRQHandler            [WE
AK]
  165 0000001E E7FE            B                .
  166 00000020                 ENDP
  167 00000020         
  168 00000020         UART2_IRQHandler
                               PROC
  169 00000020                 EXPORT           UART2_IRQHandler            [WE
AK]
  170 00000020 E7FE            B                .
  171 00000022                 ENDP
  172 00000022         
  173 00000022         SSP1_IRQHandler
                               PROC
  174 00000022                 EXPORT           SSP1_IRQHandler             [WE
AK]
  175 00000022 E7FE            B                .
  176 00000024                 ENDP
  177 00000024         
  178 00000024         BUSY_IRQHandler
                               PROC
  179 00000024                 EXPORT           BUSY_IRQHandler             [WE
AK]
  180 00000024 E7FE            B                .
  181 00000026                 ENDP
  182 00000026         
  183 00000026         ARINC429R_IRQHandler
                               PROC
  184 00000026                 EXPORT           ARINC429R_IRQHandler        [WE
AK]



ARM Macro Assembler    Page 5 


  185 00000026 E7FE            B                .
  186 00000028                 ENDP
  187 00000028         
  188 00000028         POWER_IRQHandler
                               PROC
  189 00000028                 EXPORT           POWER_IRQHandler            [WE
AK]
  190 00000028 E7FE            B                .
  191 0000002A                 ENDP
  192 0000002A         
  193 0000002A         WWDG_IRQHandler
                               PROC
  194 0000002A                 EXPORT           WWDG_IRQHandler             [WE
AK]
  195 0000002A E7FE            B                .
  196 0000002C                 ENDP
  197 0000002C         
  198 0000002C         Timer4_IRQHandler
                               PROC
  199 0000002C                 EXPORT           Timer4_IRQHandler           [WE
AK]
  200 0000002C E7FE            B                .
  201 0000002E                 ENDP
  202 0000002E         
  203 0000002E         Timer1_IRQHandler
                               PROC
  204 0000002E                 EXPORT           Timer1_IRQHandler           [WE
AK]
  205 0000002E E7FE            B                .
  206 00000030                 ENDP
  207 00000030         
  208 00000030         Timer2_IRQHandler
                               PROC
  209 00000030                 EXPORT           Timer2_IRQHandler           [WE
AK]
  210 00000030 E7FE            B                .
  211 00000032                 ENDP
  212 00000032         
  213 00000032         Timer3_IRQHandler
                               PROC
  214 00000032                 EXPORT           Timer3_IRQHandler           [WE
AK]
  215 00000032 E7FE            B                .
  216 00000034                 ENDP
  217 00000034         
  218 00000034         ADC_IRQHandler
                               PROC
  219 00000034                 EXPORT           ADC_IRQHandler              [WE
AK]
  220 00000034 E7FE            B                .
  221 00000036                 ENDP
  222 00000036         
  223 00000036         ETHERNET_IRQHandler
                               PROC
  224 00000036                 EXPORT           ETHERNET_IRQHandler         [WE
AK]
  225 00000036 E7FE            B                .
  226 00000038                 ENDP
  227 00000038         



ARM Macro Assembler    Page 6 


  228 00000038         SSP3_IRQHandler
                               PROC
  229 00000038                 EXPORT           SSP3_IRQHandler             [WE
AK]
  230 00000038 E7FE            B                .
  231 0000003A                 ENDP
  232 0000003A         
  233 0000003A         SSP2_IRQHandler
                               PROC
  234 0000003A                 EXPORT           SSP2_IRQHandler             [WE
AK]
  235 0000003A E7FE            B                .
  236 0000003C                 ENDP
  237 0000003C         
  238 0000003C         ARINC429T_IRQHandler
                               PROC
  239 0000003C                 EXPORT           ARINC429T_IRQHandler        [WE
AK]
  240 0000003C E7FE            B                .
  241 0000003E                 ENDP
  242 0000003E         
  243 0000003E         KEYPAD_IRQHandler
                               PROC
  244 0000003E                 EXPORT           KEYPAD_IRQHandler           [WE
AK]
  245 0000003E E7FE            B                .
  246 00000040                 ENDP
  247 00000040         
  248 00000040         LED_IRQHandler
                               PROC
  249 00000040                 EXPORT           LED_IRQHandler              [WE
AK]
  250 00000040 E7FE            B                .
  251 00000042                 ENDP
  252 00000042         
  253 00000042         UART3_UART4_IRQHandler
                               PROC
  254 00000042                 EXPORT           UART3_UART4_IRQHandler      [WE
AK]
  255 00000042 E7FE            B                .
  256 00000044                 ENDP
  257 00000044         AudioCodec_IRQHandler
                               PROC
  258 00000044                 EXPORT           AudioCodec_IRQHandler       [WE
AK]
  259 00000044 E7FE            B                .
  260 00000046                 ENDP
  261 00000046         ETHERNET2_IRQHandler
                               PROC
  262 00000046                 EXPORT           ETHERNET2_IRQHandler        [WE
AK]
  263 00000046 E7FE            B                .
  264 00000048                 ENDP
  265 00000048         
  266 00000048         BKP_IRQHandler
                               PROC
  267 00000048                 EXPORT           BKP_IRQHandler              [WE
AK]
  268 00000048 E7FE            B                .



ARM Macro Assembler    Page 7 


  269 0000004A                 ENDP
  270 0000004A         
  271 0000004A         EXT_INT1_IRQHandler
                               PROC
  272 0000004A                 EXPORT           EXT_INT1_IRQHandler         [WE
AK]
  273 0000004A E7FE            B                .
  274 0000004C                 ENDP
  275 0000004C         
  276 0000004C         EXT_INT2_IRQHandler
                               PROC
  277 0000004C                 EXPORT           EXT_INT2_IRQHandler         [WE
AK]
  278 0000004C E7FE            B                .
  279 0000004E                 ENDP
  280 0000004E         
  281 0000004E         EXT_INT3_IRQHandler
                               PROC
  282 0000004E                 EXPORT           EXT_INT3_IRQHandler         [WE
AK]
  283 0000004E E7FE            B                .
  284 00000050                 ENDP
  285 00000050         
  286 00000050         EXT_INT4_IRQHandler
                               PROC
  287 00000050                 EXPORT           EXT_INT4_IRQHandler         [WE
AK]
  288 00000050 E7FE            B                .
  289 00000052                 ENDP
  290 00000052         
  291 00000052 00 00           ALIGN
  292 00000054         
  293 00000054         
  294 00000054         
  295 00000054         ; User Initial Stack & Heap
  296 00000054         
  297 00000054                 IF               :DEF:__MICROLIB
  304 00000054         
  305 00000054                 IMPORT           __use_two_region_memory
  306 00000054                 EXPORT           __user_initial_stackheap
  307 00000054         __user_initial_stackheap
  308 00000054         
  309 00000054 4804            LDR              R0, =  Heap_Mem
  310 00000056 4905            LDR              R1, =(Stack_Mem + Stack_Size)
  311 00000058 4A05            LDR              R2, = (Heap_Mem +  Heap_Size)
  312 0000005A 4B06            LDR              R3, = Stack_Mem
  313 0000005C 4770            BX               LR
  314 0000005E         
  315 0000005E 00 00           ALIGN
  316 00000060         
  317 00000060                 ENDIF
  318 00000060         
  319 00000060         
  320 00000060                 END
              00000000 
              00000000 
              00000000 
              00001000 
              00001000 



ARM Macro Assembler    Page 8 


              00000000 
Command Line: --debug --xref --cpreproc --diag_suppress=9931 --cpu=Cortex-M1 --
apcs=interwork --depend=.\objects\startup_mdr1986ve3.d -o.\objects\startup_mdr1
986ve3.o -I.\RTE\Device\MDR1986BE3T -I.\RTE\_Target_1 -ID:\soft\keil\pack\ARM\C
MSIS\5.9.0\CMSIS\Core\Include -ID:\soft\keil\pack\Keil\MDR1986BExx\2.0.3\Librar
ies\CMSIS\MDR32Fx\CoreSupport\CM1 -ID:\soft\keil\pack\Keil\MDR1986BExx\2.0.3\Li
braries\CMSIS\MDR32Fx\DeviceSupport\MDR1986VE3\inc -ID:\soft\keil\pack\Keil\MDR
1986BExx\2.0.3\Libraries\SPL\MDR32Fx\inc --predefine="__UVISION_VERSION SETA 53
6" --predefine="_RTE_ SETA 1" --predefine="_RTE_ SETA 1" --list=.\listings\star
tup_mdr1986ve3.lst RTE\Device\MDR1986BE3T\startup_MDR1986VE3.S



ARM Macro Assembler    Page 1 Alphabetic symbol ordering
Relocatable symbols

STACK 00000000

Symbol: STACK
   Definitions
      At line 12 in file RTE\\Device\\MDR1986BE3T\\startup_MDR1986VE3.S
   Uses
      None
Comment: STACK unused
Stack_Mem 00000000

Symbol: Stack_Mem
   Definitions
      At line 13 in file RTE\\Device\\MDR1986BE3T\\startup_MDR1986VE3.S
   Uses
      At line 310 in file RTE\\Device\\MDR1986BE3T\\startup_MDR1986VE3.S
      At line 312 in file RTE\\Device\\MDR1986BE3T\\startup_MDR1986VE3.S

__initial_sp 00001000

Symbol: __initial_sp
   Definitions
      At line 14 in file RTE\\Device\\MDR1986BE3T\\startup_MDR1986VE3.S
   Uses
      At line 36 in file RTE\\Device\\MDR1986BE3T\\startup_MDR1986VE3.S
Comment: __initial_sp used once
3 symbols



ARM Macro Assembler    Page 1 Alphabetic symbol ordering
Relocatable symbols

HEAP 00000000

Symbol: HEAP
   Definitions
      At line 23 in file RTE\\Device\\MDR1986BE3T\\startup_MDR1986VE3.S
   Uses
      None
Comment: HEAP unused
Heap_Mem 00000000

Symbol: Heap_Mem
   Definitions
      At line 25 in file RTE\\Device\\MDR1986BE3T\\startup_MDR1986VE3.S
   Uses
      At line 309 in file RTE\\Device\\MDR1986BE3T\\startup_MDR1986VE3.S
      At line 311 in file RTE\\Device\\MDR1986BE3T\\startup_MDR1986VE3.S

__heap_base 00000000

Symbol: __heap_base
   Definitions
      At line 24 in file RTE\\Device\\MDR1986BE3T\\startup_MDR1986VE3.S
   Uses
      None
Comment: __heap_base unused
__heap_limit 00001000

Symbol: __heap_limit
   Definitions
      At line 26 in file RTE\\Device\\MDR1986BE3T\\startup_MDR1986VE3.S
   Uses
      None
Comment: __heap_limit unused
4 symbols



ARM Macro Assembler    Page 1 Alphabetic symbol ordering
Relocatable symbols

RESET 00000000

Symbol: RESET
   Definitions
      At line 33 in file RTE\\Device\\MDR1986BE3T\\startup_MDR1986VE3.S
   Uses
      None
Comment: RESET unused
__Vectors 00000000

Symbol: __Vectors
   Definitions
      At line 36 in file RTE\\Device\\MDR1986BE3T\\startup_MDR1986VE3.S
   Uses
      At line 34 in file RTE\\Device\\MDR1986BE3T\\startup_MDR1986VE3.S
Comment: __Vectors used once
2 symbols



ARM Macro Assembler    Page 1 Alphabetic symbol ordering
Relocatable symbols

.text 00000000

Symbol: .text
   Definitions
      At line 88 in file RTE\\Device\\MDR1986BE3T\\startup_MDR1986VE3.S
   Uses
      None
Comment: .text unused
ADC_IRQHandler 00000034

Symbol: ADC_IRQHandler
   Definitions
      At line 218 in file RTE\\Device\\MDR1986BE3T\\startup_MDR1986VE3.S
   Uses
      At line 72 in file RTE\\Device\\MDR1986BE3T\\startup_MDR1986VE3.S
      At line 219 in file RTE\\Device\\MDR1986BE3T\\startup_MDR1986VE3.S

ARINC429R_IRQHandler 00000026

Symbol: ARINC429R_IRQHandler
   Definitions
      At line 183 in file RTE\\Device\\MDR1986BE3T\\startup_MDR1986VE3.S
   Uses
      At line 65 in file RTE\\Device\\MDR1986BE3T\\startup_MDR1986VE3.S
      At line 184 in file RTE\\Device\\MDR1986BE3T\\startup_MDR1986VE3.S

ARINC429T_IRQHandler 0000003C

Symbol: ARINC429T_IRQHandler
   Definitions
      At line 238 in file RTE\\Device\\MDR1986BE3T\\startup_MDR1986VE3.S
   Uses
      At line 76 in file RTE\\Device\\MDR1986BE3T\\startup_MDR1986VE3.S
      At line 239 in file RTE\\Device\\MDR1986BE3T\\startup_MDR1986VE3.S

AudioCodec_IRQHandler 00000044

Symbol: AudioCodec_IRQHandler
   Definitions
      At line 257 in file RTE\\Device\\MDR1986BE3T\\startup_MDR1986VE3.S
   Uses
      At line 80 in file RTE\\Device\\MDR1986BE3T\\startup_MDR1986VE3.S
      At line 258 in file RTE\\Device\\MDR1986BE3T\\startup_MDR1986VE3.S

BKP_IRQHandler 00000048

Symbol: BKP_IRQHandler
   Definitions
      At line 266 in file RTE\\Device\\MDR1986BE3T\\startup_MDR1986VE3.S
   Uses
      At line 82 in file RTE\\Device\\MDR1986BE3T\\startup_MDR1986VE3.S
      At line 267 in file RTE\\Device\\MDR1986BE3T\\startup_MDR1986VE3.S

BUSY_IRQHandler 00000024

Symbol: BUSY_IRQHandler
   Definitions
      At line 178 in file RTE\\Device\\MDR1986BE3T\\startup_MDR1986VE3.S
   Uses



ARM Macro Assembler    Page 2 Alphabetic symbol ordering
Relocatable symbols

      At line 64 in file RTE\\Device\\MDR1986BE3T\\startup_MDR1986VE3.S
      At line 179 in file RTE\\Device\\MDR1986BE3T\\startup_MDR1986VE3.S

CAN1_IRQHandler 00000018

Symbol: CAN1_IRQHandler
   Definitions
      At line 148 in file RTE\\Device\\MDR1986BE3T\\startup_MDR1986VE3.S
   Uses
      At line 58 in file RTE\\Device\\MDR1986BE3T\\startup_MDR1986VE3.S
      At line 149 in file RTE\\Device\\MDR1986BE3T\\startup_MDR1986VE3.S

CAN2_IRQHandler 0000001A

Symbol: CAN2_IRQHandler
   Definitions
      At line 153 in file RTE\\Device\\MDR1986BE3T\\startup_MDR1986VE3.S
   Uses
      At line 59 in file RTE\\Device\\MDR1986BE3T\\startup_MDR1986VE3.S
      At line 154 in file RTE\\Device\\MDR1986BE3T\\startup_MDR1986VE3.S

DMA_IRQHandler 0000001C

Symbol: DMA_IRQHandler
   Definitions
      At line 158 in file RTE\\Device\\MDR1986BE3T\\startup_MDR1986VE3.S
   Uses
      At line 60 in file RTE\\Device\\MDR1986BE3T\\startup_MDR1986VE3.S
      At line 159 in file RTE\\Device\\MDR1986BE3T\\startup_MDR1986VE3.S

ETHERNET2_IRQHandler 00000046

Symbol: ETHERNET2_IRQHandler
   Definitions
      At line 261 in file RTE\\Device\\MDR1986BE3T\\startup_MDR1986VE3.S
   Uses
      At line 81 in file RTE\\Device\\MDR1986BE3T\\startup_MDR1986VE3.S
      At line 262 in file RTE\\Device\\MDR1986BE3T\\startup_MDR1986VE3.S

ETHERNET_IRQHandler 00000036

Symbol: ETHERNET_IRQHandler
   Definitions
      At line 223 in file RTE\\Device\\MDR1986BE3T\\startup_MDR1986VE3.S
   Uses
      At line 73 in file RTE\\Device\\MDR1986BE3T\\startup_MDR1986VE3.S
      At line 224 in file RTE\\Device\\MDR1986BE3T\\startup_MDR1986VE3.S

EXT_INT1_IRQHandler 0000004A

Symbol: EXT_INT1_IRQHandler
   Definitions
      At line 271 in file RTE\\Device\\MDR1986BE3T\\startup_MDR1986VE3.S
   Uses
      At line 83 in file RTE\\Device\\MDR1986BE3T\\startup_MDR1986VE3.S
      At line 272 in file RTE\\Device\\MDR1986BE3T\\startup_MDR1986VE3.S

EXT_INT2_IRQHandler 0000004C




ARM Macro Assembler    Page 3 Alphabetic symbol ordering
Relocatable symbols

Symbol: EXT_INT2_IRQHandler
   Definitions
      At line 276 in file RTE\\Device\\MDR1986BE3T\\startup_MDR1986VE3.S
   Uses
      At line 84 in file RTE\\Device\\MDR1986BE3T\\startup_MDR1986VE3.S
      At line 277 in file RTE\\Device\\MDR1986BE3T\\startup_MDR1986VE3.S

EXT_INT3_IRQHandler 0000004E

Symbol: EXT_INT3_IRQHandler
   Definitions
      At line 281 in file RTE\\Device\\MDR1986BE3T\\startup_MDR1986VE3.S
   Uses
      At line 85 in file RTE\\Device\\MDR1986BE3T\\startup_MDR1986VE3.S
      At line 282 in file RTE\\Device\\MDR1986BE3T\\startup_MDR1986VE3.S

EXT_INT4_IRQHandler 00000050

Symbol: EXT_INT4_IRQHandler
   Definitions
      At line 286 in file RTE\\Device\\MDR1986BE3T\\startup_MDR1986VE3.S
   Uses
      At line 86 in file RTE\\Device\\MDR1986BE3T\\startup_MDR1986VE3.S
      At line 287 in file RTE\\Device\\MDR1986BE3T\\startup_MDR1986VE3.S

HardFault_Handler 0000000A

Symbol: HardFault_Handler
   Definitions
      At line 111 in file RTE\\Device\\MDR1986BE3T\\startup_MDR1986VE3.S
   Uses
      At line 39 in file RTE\\Device\\MDR1986BE3T\\startup_MDR1986VE3.S
      At line 112 in file RTE\\Device\\MDR1986BE3T\\startup_MDR1986VE3.S

KEYPAD_IRQHandler 0000003E

Symbol: KEYPAD_IRQHandler
   Definitions
      At line 243 in file RTE\\Device\\MDR1986BE3T\\startup_MDR1986VE3.S
   Uses
      At line 77 in file RTE\\Device\\MDR1986BE3T\\startup_MDR1986VE3.S
      At line 244 in file RTE\\Device\\MDR1986BE3T\\startup_MDR1986VE3.S

LED_IRQHandler 00000040

Symbol: LED_IRQHandler
   Definitions
      At line 248 in file RTE\\Device\\MDR1986BE3T\\startup_MDR1986VE3.S
   Uses
      At line 78 in file RTE\\Device\\MDR1986BE3T\\startup_MDR1986VE3.S
      At line 249 in file RTE\\Device\\MDR1986BE3T\\startup_MDR1986VE3.S

MIL_STD_1553B1_IRQHandler 00000014

Symbol: MIL_STD_1553B1_IRQHandler
   Definitions
      At line 138 in file RTE\\Device\\MDR1986BE3T\\startup_MDR1986VE3.S
   Uses
      At line 56 in file RTE\\Device\\MDR1986BE3T\\startup_MDR1986VE3.S



ARM Macro Assembler    Page 4 Alphabetic symbol ordering
Relocatable symbols

      At line 139 in file RTE\\Device\\MDR1986BE3T\\startup_MDR1986VE3.S

MIL_STD_1553B2_IRQHandler 00000012

Symbol: MIL_STD_1553B2_IRQHandler
   Definitions
      At line 133 in file RTE\\Device\\MDR1986BE3T\\startup_MDR1986VE3.S
   Uses
      At line 55 in file RTE\\Device\\MDR1986BE3T\\startup_MDR1986VE3.S
      At line 134 in file RTE\\Device\\MDR1986BE3T\\startup_MDR1986VE3.S

NMI_Handler 00000008

Symbol: NMI_Handler
   Definitions
      At line 106 in file RTE\\Device\\MDR1986BE3T\\startup_MDR1986VE3.S
   Uses
      At line 38 in file RTE\\Device\\MDR1986BE3T\\startup_MDR1986VE3.S
      At line 107 in file RTE\\Device\\MDR1986BE3T\\startup_MDR1986VE3.S

POWER_IRQHandler 00000028

Symbol: POWER_IRQHandler
   Definitions
      At line 188 in file RTE\\Device\\MDR1986BE3T\\startup_MDR1986VE3.S
   Uses
      At line 66 in file RTE\\Device\\MDR1986BE3T\\startup_MDR1986VE3.S
      At line 189 in file RTE\\Device\\MDR1986BE3T\\startup_MDR1986VE3.S

PendSV_Handler 0000000E

Symbol: PendSV_Handler
   Definitions
      At line 121 in file RTE\\Device\\MDR1986BE3T\\startup_MDR1986VE3.S
   Uses
      At line 50 in file RTE\\Device\\MDR1986BE3T\\startup_MDR1986VE3.S
      At line 122 in file RTE\\Device\\MDR1986BE3T\\startup_MDR1986VE3.S

Reset_Handler 00000000

Symbol: Reset_Handler
   Definitions
      At line 93 in file RTE\\Device\\MDR1986BE3T\\startup_MDR1986VE3.S
   Uses
      At line 37 in file RTE\\Device\\MDR1986BE3T\\startup_MDR1986VE3.S
      At line 94 in file RTE\\Device\\MDR1986BE3T\\startup_MDR1986VE3.S

SSP1_IRQHandler 00000022

Symbol: SSP1_IRQHandler
   Definitions
      At line 173 in file RTE\\Device\\MDR1986BE3T\\startup_MDR1986VE3.S
   Uses
      At line 63 in file RTE\\Device\\MDR1986BE3T\\startup_MDR1986VE3.S
      At line 174 in file RTE\\Device\\MDR1986BE3T\\startup_MDR1986VE3.S

SSP2_IRQHandler 0000003A

Symbol: SSP2_IRQHandler



ARM Macro Assembler    Page 5 Alphabetic symbol ordering
Relocatable symbols

   Definitions
      At line 233 in file RTE\\Device\\MDR1986BE3T\\startup_MDR1986VE3.S
   Uses
      At line 75 in file RTE\\Device\\MDR1986BE3T\\startup_MDR1986VE3.S
      At line 234 in file RTE\\Device\\MDR1986BE3T\\startup_MDR1986VE3.S

SSP3_IRQHandler 00000038

Symbol: SSP3_IRQHandler
   Definitions
      At line 228 in file RTE\\Device\\MDR1986BE3T\\startup_MDR1986VE3.S
   Uses
      At line 74 in file RTE\\Device\\MDR1986BE3T\\startup_MDR1986VE3.S
      At line 229 in file RTE\\Device\\MDR1986BE3T\\startup_MDR1986VE3.S

SVC_Handler 0000000C

Symbol: SVC_Handler
   Definitions
      At line 116 in file RTE\\Device\\MDR1986BE3T\\startup_MDR1986VE3.S
   Uses
      At line 47 in file RTE\\Device\\MDR1986BE3T\\startup_MDR1986VE3.S
      At line 117 in file RTE\\Device\\MDR1986BE3T\\startup_MDR1986VE3.S

SysTick_Handler 00000010

Symbol: SysTick_Handler
   Definitions
      At line 126 in file RTE\\Device\\MDR1986BE3T\\startup_MDR1986VE3.S
   Uses
      At line 51 in file RTE\\Device\\MDR1986BE3T\\startup_MDR1986VE3.S
      At line 127 in file RTE\\Device\\MDR1986BE3T\\startup_MDR1986VE3.S

Timer1_IRQHandler 0000002E

Symbol: Timer1_IRQHandler
   Definitions
      At line 203 in file RTE\\Device\\MDR1986BE3T\\startup_MDR1986VE3.S
   Uses
      At line 69 in file RTE\\Device\\MDR1986BE3T\\startup_MDR1986VE3.S
      At line 204 in file RTE\\Device\\MDR1986BE3T\\startup_MDR1986VE3.S

Timer2_IRQHandler 00000030

Symbol: Timer2_IRQHandler
   Definitions
      At line 208 in file RTE\\Device\\MDR1986BE3T\\startup_MDR1986VE3.S
   Uses
      At line 70 in file RTE\\Device\\MDR1986BE3T\\startup_MDR1986VE3.S
      At line 209 in file RTE\\Device\\MDR1986BE3T\\startup_MDR1986VE3.S

Timer3_IRQHandler 00000032

Symbol: Timer3_IRQHandler
   Definitions
      At line 213 in file RTE\\Device\\MDR1986BE3T\\startup_MDR1986VE3.S
   Uses
      At line 71 in file RTE\\Device\\MDR1986BE3T\\startup_MDR1986VE3.S
      At line 214 in file RTE\\Device\\MDR1986BE3T\\startup_MDR1986VE3.S



ARM Macro Assembler    Page 6 Alphabetic symbol ordering
Relocatable symbols


Timer4_IRQHandler 0000002C

Symbol: Timer4_IRQHandler
   Definitions
      At line 198 in file RTE\\Device\\MDR1986BE3T\\startup_MDR1986VE3.S
   Uses
      At line 68 in file RTE\\Device\\MDR1986BE3T\\startup_MDR1986VE3.S
      At line 199 in file RTE\\Device\\MDR1986BE3T\\startup_MDR1986VE3.S

UART1_IRQHandler 0000001E

Symbol: UART1_IRQHandler
   Definitions
      At line 163 in file RTE\\Device\\MDR1986BE3T\\startup_MDR1986VE3.S
   Uses
      At line 61 in file RTE\\Device\\MDR1986BE3T\\startup_MDR1986VE3.S
      At line 164 in file RTE\\Device\\MDR1986BE3T\\startup_MDR1986VE3.S

UART2_IRQHandler 00000020

Symbol: UART2_IRQHandler
   Definitions
      At line 168 in file RTE\\Device\\MDR1986BE3T\\startup_MDR1986VE3.S
   Uses
      At line 62 in file RTE\\Device\\MDR1986BE3T\\startup_MDR1986VE3.S
      At line 169 in file RTE\\Device\\MDR1986BE3T\\startup_MDR1986VE3.S

UART3_UART4_IRQHandler 00000042

Symbol: UART3_UART4_IRQHandler
   Definitions
      At line 253 in file RTE\\Device\\MDR1986BE3T\\startup_MDR1986VE3.S
   Uses
      At line 79 in file RTE\\Device\\MDR1986BE3T\\startup_MDR1986VE3.S
      At line 254 in file RTE\\Device\\MDR1986BE3T\\startup_MDR1986VE3.S

USB_IRQHandler 00000016

Symbol: USB_IRQHandler
   Definitions
      At line 143 in file RTE\\Device\\MDR1986BE3T\\startup_MDR1986VE3.S
   Uses
      At line 57 in file RTE\\Device\\MDR1986BE3T\\startup_MDR1986VE3.S
      At line 144 in file RTE\\Device\\MDR1986BE3T\\startup_MDR1986VE3.S

WWDG_IRQHandler 0000002A

Symbol: WWDG_IRQHandler
   Definitions
      At line 193 in file RTE\\Device\\MDR1986BE3T\\startup_MDR1986VE3.S
   Uses
      At line 67 in file RTE\\Device\\MDR1986BE3T\\startup_MDR1986VE3.S
      At line 194 in file RTE\\Device\\MDR1986BE3T\\startup_MDR1986VE3.S

__user_initial_stackheap 00000054

Symbol: __user_initial_stackheap
   Definitions



ARM Macro Assembler    Page 7 Alphabetic symbol ordering
Relocatable symbols

      At line 307 in file RTE\\Device\\MDR1986BE3T\\startup_MDR1986VE3.S
   Uses
      At line 306 in file RTE\\Device\\MDR1986BE3T\\startup_MDR1986VE3.S
Comment: __user_initial_stackheap used once
40 symbols



ARM Macro Assembler    Page 1 Alphabetic symbol ordering
Absolute symbols

Heap_Size 00001000

Symbol: Heap_Size
   Definitions
      At line 21 in file RTE\\Device\\MDR1986BE3T\\startup_MDR1986VE3.S
   Uses
      At line 25 in file RTE\\Device\\MDR1986BE3T\\startup_MDR1986VE3.S
      At line 311 in file RTE\\Device\\MDR1986BE3T\\startup_MDR1986VE3.S

Stack_Size 00001000

Symbol: Stack_Size
   Definitions
      At line 10 in file RTE\\Device\\MDR1986BE3T\\startup_MDR1986VE3.S
   Uses
      At line 13 in file RTE\\Device\\MDR1986BE3T\\startup_MDR1986VE3.S
      At line 310 in file RTE\\Device\\MDR1986BE3T\\startup_MDR1986VE3.S

2 symbols



ARM Macro Assembler    Page 1 Alphabetic symbol ordering
External symbols

SystemInit 00000000

Symbol: SystemInit
   Definitions
      At line 95 in file RTE\\Device\\MDR1986BE3T\\startup_MDR1986VE3.S
   Uses
      At line 97 in file RTE\\Device\\MDR1986BE3T\\startup_MDR1986VE3.S
Comment: SystemInit used once
__main 00000000

Symbol: __main
   Definitions
      At line 96 in file RTE\\Device\\MDR1986BE3T\\startup_MDR1986VE3.S
   Uses
      At line 99 in file RTE\\Device\\MDR1986BE3T\\startup_MDR1986VE3.S
Comment: __main used once
__use_two_region_memory 00000000

Symbol: __use_two_region_memory
   Definitions
      At line 305 in file RTE\\Device\\MDR1986BE3T\\startup_MDR1986VE3.S
   Uses
      None
Comment: __use_two_region_memory unused
3 symbols
390 symbols in table
